2020-04-26 12:57:14.6979 DEBUG Обьекты созданы
2020-04-26 12:57:14.8386 DEBUG Обьект Кот выведен в консоль
2020-04-26 13:15:14.6450 DEBUG Обьекты созданы
2020-04-26 13:15:14.7158 DEBUG Обьект Кот выведен в консоль
2020-04-26 13:15:14.7477 DEBUG Обьект Собака выведен в консоль
2020-04-26 13:31:47.0916 DEBUG Обьекты созданы
2020-04-26 13:31:47.1864 DEBUG Обьект Кот выведен в консоль
2020-04-26 13:31:47.2063 DEBUG Обьект Собака выведен в консоль
2020-04-26 13:32:42.3649 DEBUG Обьекты созданы
2020-04-26 13:32:42.4587 DEBUG Обьект Кот выведен в консоль
2020-04-26 13:32:42.4766 DEBUG Обьект Собака выведен в консоль
2020-04-26 13:32:43.5726 DEBUG Вышло исключение
2020-04-26 13:56:35.4271 DEBUG Обьекты созданы
2020-04-26 13:56:35.4830 DEBUG Обьект Кот выведен в консоль
2020-04-26 13:56:35.4979 DEBUG Обьект Собака выведен в консоль
2020-04-26 13:57:22.0309 DEBUG Обьекты созданы
2020-04-26 13:57:22.1256 DEBUG Обьект Кот выведен в консоль
2020-04-26 14:01:35.5551 DEBUG Обьекты созданы
2020-04-26 14:01:35.6080 DEBUG Обьект Кот выведен в консоль
2020-04-26 14:01:35.6080 DEBUG Обьект Собака выведен в консоль
2020-04-26 14:01:42.2753 DEBUG Вылетело исключение. Следуйте правилам на экране
2020-04-26 14:02:41.5216 DEBUG Обьекты созданы
2020-04-26 14:02:41.5924 DEBUG Обьект Кот выведен в консоль
2020-04-26 14:02:41.6353 DEBUG Обьект Собака выведен в консоль
